********************************************************************************
DUPLICATOR-LITE PACKAGE-LOG: March 16, 2021 5:12 pm
NOTICE: Do NOT post to public sites or forums 
********************************************************************************
VERSION:	1.4.0
WORDPRESS:	5.7
PHP INFO:	8.0.2 | SAPI: apache2handler
SERVER:		Apache/2.4.46 (Unix) PHP/8.0.2 
PHP TIME LIMIT: (0) no time limit imposed 
PHP MAX MEMORY: 4294967296 (128M default) 
MEMORY STACK: 4MB

********************************************************************************
DATABASE:
********************************************************************************
BUILD MODE:   MYSQLDUMP
MYSQLTIMEOUT: 5000
MYSQLDUMP:    Is Supported
SQL CREATED: 20210316_perlandata_60dbd28450c8082d4468_20210316171151_database.sql
SQL FILE SIZE: 3.74MB (3920805)
SQL FILE TIME: 2021-03-16 17:12:15
SQL RUNTIME: 0.17 sec.

********************************************************************************
ARCHIVE (ZIP):
********************************************************************************
ARCHIVE DIR:  /Users/jdm/workbench/Perlan/data_website/wordpress
ARCHIVE FILE: 20210316_perlandata_60dbd28450c8082d4468_20210316171151_archive.zip
FILTERS: *OFF*
DIRS:
	not set
FILES:
	not set
EXTS:  not set
----------------------------------------
COMPRESSING
SIZE:	97.47MB
STATS:	Dirs 561 | Files 3,964
SQL ADDED: 20210316_perlandata_60dbd28450c8082d4468_20210316171151_database.sql
ZipArchive Object
(
    [lastId] => 4524
    [status] => 0
    [statusSys] => 0
    [numFiles] => 4525
    [filename] => /Users/jdm/workbench/Perlan/data_website/wordpress/wp-content/backups-dup-lite/tmp/20210316_perlandata_60dbd28450c8082d4468_20210316171151_archive.zip
    [comment] => 
)

FILE ADDED TO ZIP: 4524
COMPRESSION RESULT: '1'
COMPRESSED SIZE: 48.4MB
ARCHIVE RUNTIME: 11.59 sec.
MEMORY STACK: 4MB
building installer
add_extra_files1
add_extra_files2
add_extra_files3
add_extra_files4
Doing archive file check
add_extra_files5
add_extra_files6
add_extra_files8
Successfully opened zip /Users/jdm/workbench/Perlan/data_website/wordpress/wp-content/backups-dup-lite/tmp/20210316_perlandata_60dbd28450c8082d4468_20210316171151_archive.zip
Adding enhanced installer files to archive using ZipArchive
Installer files added to archive
Added to archive
After ziparchive close when adding installer

********************************************************************************
INTEGRITY CHECKS:
********************************************************************************
SQL FILE: 3.74MB
INSTALLER FILE: 63.95KB
ARCHIVE FILE: 49.92MB 
EXPECTED FILE/DIRECTORY COUNT: 4,525
ACTUAL FILE/DIRECTORY COUNT: 4,524
ARCHIVE CONSISTENCY TEST: Pass

********************************************************************************
RECORD ID:[1]
TOTAL PROCESS RUNTIME: 15.91 sec.
PEAK PHP MEMORY USED: 6MB
DONE PROCESSING => 20210316_perlandata March 16, 2021 5:12 pm

