********************************************************************************
DUPLICATOR-LITE PACKAGE-LOG: May 23, 2021 12:29 am
NOTICE: Do NOT post to public sites or forums 
********************************************************************************
VERSION:	1.4.0
WORDPRESS:	5.7.2
PHP INFO:	7.4.19 | SAPI: apache2handler
SERVER:		Apache/2.4.47 (Unix) PHP/7.4.19 
PHP TIME LIMIT: (0) no time limit imposed 
PHP MAX MEMORY: 4294967296 (128M default) 
MEMORY STACK: 2MB

********************************************************************************
DATABASE:
********************************************************************************
BUILD MODE:   MYSQLDUMP
MYSQLTIMEOUT: 5000
MYSQLDUMP:    Is Supported
SQL CREATED: 20210316_perlandata_ff83477215cef4734700_20210523002841_database.sql
SQL FILE SIZE: 13.03MB (13666482)
SQL FILE TIME: 2021-05-23 00:29:25
SQL RUNTIME: 0.26 sec.

********************************************************************************
ARCHIVE (ZIP):
********************************************************************************
ARCHIVE DIR:  /Users/jdm/workbench/Perlan/data_website/wordpress
ARCHIVE FILE: 20210316_perlandata_ff83477215cef4734700_20210523002841_archive.zip
FILTERS: *OFF*
DIRS:
	not set
FILES:
	not set
EXTS:  not set
----------------------------------------
COMPRESSING
SIZE:	204.59MB
STATS:	Dirs 3,211 | Files 15,763
SQL ADDED: 20210316_perlandata_ff83477215cef4734700_20210523002841_database.sql
ZipArchive Object
(
    [status] => 0
    [statusSys] => 0
    [numFiles] => 18974
    [filename] => /Users/jdm/workbench/Perlan/data_website/wordpress/wp-content/backups-dup-lite/tmp/20210316_perlandata_ff83477215cef4734700_20210523002841_archive.zip
    [comment] => 
)

FILE ADDED TO ZIP: 18973
COMPRESSION RESULT: '1'
COMPRESSED SIZE: 86.21MB
ARCHIVE RUNTIME: 19.66 sec.
MEMORY STACK: 9.07MB
building installer
add_extra_files1
add_extra_files2
add_extra_files3
add_extra_files4
Doing archive file check
add_extra_files5
add_extra_files6
add_extra_files8
Successfully opened zip /Users/jdm/workbench/Perlan/data_website/wordpress/wp-content/backups-dup-lite/tmp/20210316_perlandata_ff83477215cef4734700_20210523002841_archive.zip
Adding enhanced installer files to archive using ZipArchive
Installer files added to archive
Added to archive
After ziparchive close when adding installer

********************************************************************************
INTEGRITY CHECKS:
********************************************************************************
SQL FILE: 13.03MB
INSTALLER FILE: 63.95KB
ARCHIVE FILE: 87.84MB 
EXPECTED FILE/DIRECTORY COUNT: 18,974
ACTUAL FILE/DIRECTORY COUNT: 18,973
ARCHIVE CONSISTENCY TEST: Pass

********************************************************************************
RECORD ID:[2]
TOTAL PROCESS RUNTIME: 27.88 sec.
PEAK PHP MEMORY USED: 13.07MB
DONE PROCESSING => 20210316_perlandata May 23, 2021 12:29 am

